<?xml version="1.0" encoding="UTF-8"?>
<coverage generated="1707373772691" clover="3.2.0">
  <project timestamp="1707373772691" name="All files">
    <metrics statements="17" coveredstatements="8" conditionals="0" coveredconditionals="0" methods="8" coveredmethods="3" elements="25" coveredelements="11" complexity="0" loc="17" ncloc="17" packages="1" files="4" classes="4"/>
    <file name="App.js" path="/Users/shashankbr/MO-PCCO.R3-assignment-files/RA_12.3/task-01/src/App.js">
      <metrics statements="1" coveredstatements="0" conditionals="0" coveredconditionals="0" methods="1" coveredmethods="0"/>
      <line num="6" count="0" type="stmt"/>
    </file>
    <file name="Grid.js" path="/Users/shashankbr/MO-PCCO.R3-assignment-files/RA_12.3/task-01/src/Grid.js">
      <metrics statements="7" coveredstatements="7" conditionals="0" coveredconditionals="0" methods="3" coveredmethods="3"/>
      <line num="5" count="1" type="stmt"/>
      <line num="6" count="8" type="stmt"/>
      <line num="8" count="7" type="stmt"/>
      <line num="9" count="4" type="stmt"/>
      <line num="13" count="4" type="stmt"/>
      <line num="16" count="7" type="stmt"/>
      <line num="20" count="7" type="stmt"/>
    </file>
    <file name="Grid.solution.js" path="/Users/shashankbr/MO-PCCO.R3-assignment-files/RA_12.3/task-01/src/Grid.solution.js">
      <metrics statements="7" coveredstatements="0" conditionals="0" coveredconditionals="0" methods="3" coveredmethods="0"/>
      <line num="5" count="0" type="stmt"/>
      <line num="6" count="0" type="stmt"/>
      <line num="8" count="0" type="stmt"/>
      <line num="9" count="0" type="stmt"/>
      <line num="13" count="0" type="stmt"/>
      <line num="16" count="0" type="stmt"/>
      <line num="19" count="0" type="stmt"/>
    </file>
    <file name="Square.js" path="/Users/shashankbr/MO-PCCO.R3-assignment-files/RA_12.3/task-01/src/Square.js">
      <metrics statements="2" coveredstatements="1" conditionals="0" coveredconditionals="0" methods="1" coveredmethods="0"/>
      <line num="4" count="1" type="stmt"/>
      <line num="5" count="0" type="stmt"/>
    </file>
  </project>
</coverage>
